[debug] [2020-02-14T20:29:41.096Z] ----------------------------------------------------------------------
[debug] [2020-02-14T20:29:41.098Z] Command:       C:\Program Files\nodejs\node.exe C:\Users\AbsoluteZero\AppData\Roaming\npm\node_modules\firebase-tools\lib\bin\firebase.js serve --only functions
[debug] [2020-02-14T20:29:41.098Z] CLI Version:   7.13.0
[debug] [2020-02-14T20:29:41.099Z] Platform:      win32
[debug] [2020-02-14T20:29:41.099Z] Node Version:  v12.14.1
[debug] [2020-02-14T20:29:41.099Z] Time:          Sat Feb 15 2020 02:29:41 GMT+0600 (Bangladesh Standard Time)
[debug] [2020-02-14T20:29:41.100Z] ----------------------------------------------------------------------
[debug] [2020-02-14T20:29:41.100Z] 
[debug] [2020-02-14T20:29:41.106Z] > command requires scopes: ["email","openid","https://www.googleapis.com/auth/cloudplatformprojects.readonly","https://www.googleapis.com/auth/firebase","https://www.googleapis.com/auth/cloud-platform"]
[debug] [2020-02-14T20:29:41.107Z] > authorizing via signed-in user
[debug] [2020-02-14T20:29:41.107Z] [iam] checking project vue-shop-ebb44 for permissions ["firebase.projects.get"]
[debug] [2020-02-14T20:29:41.109Z] >>> HTTP REQUEST POST https://cloudresourcemanager.googleapis.com/v1/projects/vue-shop-ebb44:testIamPermissions  

[debug] [2020-02-14T20:29:42.512Z] <<< HTTP RESPONSE 200
[debug] [2020-02-14T20:29:42.514Z] >>> HTTP REQUEST GET https://firebase.googleapis.com/v1beta1/projects/vue-shop-ebb44  
 
[debug] [2020-02-14T20:29:43.013Z] <<< HTTP RESPONSE 200
[warn] !  Your requested "node" version "8" doesn't match your global version "12"
[info] +  functions: Emulator started at http://localhost:5000
[info] i  functions: Watching "D:\XamApp\htdocs\VueJs\vue-shop\functions" for Cloud Functions...
[debug] [2020-02-14T20:29:45.043Z] [worker-pool] addWorker(~diagnostic~)
[debug] [2020-02-14T20:29:45.043Z] [worker-pool] Adding worker with key ~diagnostic~, total=1
[debug] [2020-02-14T20:29:45.043Z] [worker-pool] submitWork(triggerId=)
[debug] [2020-02-14T20:29:45.043Z] [worker-~diagnostic~-b2900142-0851-464b-a2fc-41f530bd430f]: Assigning socketPath: \\?\pipe\D:\XamApp\htdocs\VueJs\vue-shop\functions\31132
[debug] [2020-02-14T20:29:45.043Z] [worker-~diagnostic~-b2900142-0851-464b-a2fc-41f530bd430f]: BUSY
[debug] [2020-02-14T20:29:45.325Z] [runtime-status] [31132] Functions runtime initialized. {"cwd":"D:\\XamApp\\htdocs\\VueJs\\vue-shop\\functions","node_version":"12.14.1"}
[debug] [2020-02-14T20:29:45.325Z] [runtime-status] [31132] Disabled runtime features: {"functions_config_helper":true,"network_filtering":true,"timeout":true,"memory_limiting":true,"admin_stubs":true,"pubsub_emulator":true}
[debug] [2020-02-14T20:29:45.327Z] [runtime-status] [31132] Resolved module firebase-admin {"declared":true,"installed":true,"version":"8.9.2","resolution":"D:\\XamApp\\htdocs\\VueJs\\vue-shop\\functions\\node_modules\\firebase-admin\\lib\\index.js"}
[debug] [2020-02-14T20:29:45.329Z] [runtime-status] [31132] Resolved module firebase-functions {"declared":true,"installed":true,"version":"3.3.0","resolution":"D:\\XamApp\\htdocs\\VueJs\\vue-shop\\functions\\node_modules\\firebase-functions\\lib\\index.js"}
[debug] [2020-02-14T20:29:45.330Z] [runtime-status] [31132] Resolved module firebase-functions {"declared":true,"installed":true,"version":"3.3.0","resolution":"D:\\XamApp\\htdocs\\VueJs\\vue-shop\\functions\\node_modules\\firebase-functions\\lib\\index.js"}
[info] +  functions[helloWorld]: http function initialized (http://localhost:5000/vue-shop-ebb44/us-central1/helloWorld).
[info] +  functions[CheckoutSession]: http function initialized (http://localhost:5000/vue-shop-ebb44/us-central1/CheckoutSession).
[debug] [2020-02-14T20:29:45.399Z] [worker-~diagnostic~-b2900142-0851-464b-a2fc-41f530bd430f]: IDLE
[debug] [2020-02-14T20:30:14.796Z] [work-queue] {"queueLength":1,"workRunningCount":0}
[debug] [2020-02-14T20:30:14.796Z] [work-queue] {"queueLength":0,"workRunningCount":1}
[debug] [2020-02-14T20:30:14.796Z] Accepted request GET /vue-shop-ebb44/us-central1/CheckoutSession --> CheckoutSession
[debug] [2020-02-14T20:30:14.800Z] [worker-pool] addWorker(CheckoutSession)
[debug] [2020-02-14T20:30:14.800Z] [worker-pool] Adding worker with key CheckoutSession, total=1
[debug] [2020-02-14T20:30:14.800Z] [worker-pool] submitWork(triggerId=CheckoutSession)
[debug] [2020-02-14T20:30:14.800Z] [worker-CheckoutSession-920ada64-e872-41cc-a3b6-561e0bb8142a]: Assigning socketPath: \\?\pipe\D:\XamApp\htdocs\VueJs\vue-shop\functions\30208
[debug] [2020-02-14T20:30:14.800Z] [worker-CheckoutSession-920ada64-e872-41cc-a3b6-561e0bb8142a]: BUSY
[debug] [2020-02-14T20:30:15.080Z] [runtime-status] [30208] Functions runtime initialized. {"cwd":"D:\\XamApp\\htdocs\\VueJs\\vue-shop\\functions","node_version":"12.14.1"}
[debug] [2020-02-14T20:30:15.081Z] [runtime-status] [30208] Disabled runtime features: {"functions_config_helper":true,"network_filtering":true,"timeout":true,"memory_limiting":true,"admin_stubs":true,"pubsub_emulator":true}
[debug] [2020-02-14T20:30:15.084Z] [runtime-status] [30208] Resolved module firebase-admin {"declared":true,"installed":true,"version":"8.9.2","resolution":"D:\\XamApp\\htdocs\\VueJs\\vue-shop\\functions\\node_modules\\firebase-admin\\lib\\index.js"}
[debug] [2020-02-14T20:30:15.085Z] [runtime-status] [30208] Resolved module firebase-functions {"declared":true,"installed":true,"version":"3.3.0","resolution":"D:\\XamApp\\htdocs\\VueJs\\vue-shop\\functions\\node_modules\\firebase-functions\\lib\\index.js"}
[debug] [2020-02-14T20:30:15.086Z] [runtime-status] [30208] Resolved module firebase-functions {"declared":true,"installed":true,"version":"3.3.0","resolution":"D:\\XamApp\\htdocs\\VueJs\\vue-shop\\functions\\node_modules\\firebase-functions\\lib\\index.js"}
[debug] [2020-02-14T20:30:15.159Z] [runtime-status] [30208] Trigger "CheckoutSession" has been found, beginning invocation!
[info] i  functions: Beginning execution of "CheckoutSession"
[debug] [2020-02-14T20:30:15.159Z] [runtime-status] [30208] triggerDefinition {"httpsTrigger":{},"name":"CheckoutSession","entryPoint":"CheckoutSession"}
[debug] [2020-02-14T20:30:15.160Z] [runtime-status] [30208] Running CheckoutSession in mode HTTPS
[debug] [2020-02-14T20:30:15.163Z] [runtime-status] [30208] Attempting to listen to socketPath: \\?\pipe\D:\XamApp\htdocs\VueJs\vue-shop\functions\30208
[debug] [2020-02-14T20:30:15.168Z] [functions] Runtime ready! Sending request!
[debug] [2020-02-14T20:30:15.174Z] [runtime-status] [30208] Ephemeral server handling GET request
[debug] [2020-02-14T20:30:15.184Z] [runtime-status] [30208] Ephemeral server survived.
[info] i  functions: Finished "CheckoutSession" in ~2s
[debug] [2020-02-14T20:30:17.836Z] [worker-CheckoutSession-920ada64-e872-41cc-a3b6-561e0bb8142a]: IDLE
[debug] [2020-02-14T20:30:17.836Z] [work-queue] {"queueLength":0,"workRunningCount":0}
[debug] [2020-02-14T20:31:27.403Z] [work-queue] {"queueLength":1,"workRunningCount":0}
[debug] [2020-02-14T20:31:27.403Z] [work-queue] {"queueLength":0,"workRunningCount":1}
[debug] [2020-02-14T20:31:27.403Z] Accepted request POST /vue-shop-ebb44/us-central1/CheckoutSession --> CheckoutSession
[debug] [2020-02-14T20:31:27.403Z] [worker-pool] submitWork(triggerId=CheckoutSession)
[debug] [2020-02-14T20:31:27.403Z] [worker-CheckoutSession-920ada64-e872-41cc-a3b6-561e0bb8142a]: Assigning socketPath: \\?\pipe\D:\XamApp\htdocs\VueJs\vue-shop\functions\30208
[debug] [2020-02-14T20:31:27.403Z] [worker-CheckoutSession-920ada64-e872-41cc-a3b6-561e0bb8142a]: BUSY
[debug] [2020-02-14T20:31:27.404Z] [runtime-status] [30208] Trigger "CheckoutSession" has been found, beginning invocation!
[info] i  functions: Beginning execution of "CheckoutSession"
[debug] [2020-02-14T20:31:27.405Z] [runtime-status] [30208] triggerDefinition {"httpsTrigger":{},"name":"CheckoutSession","entryPoint":"CheckoutSession"}
[debug] [2020-02-14T20:31:27.405Z] [runtime-status] [30208] Running CheckoutSession in mode HTTPS
[debug] [2020-02-14T20:31:27.405Z] [runtime-status] [30208] Attempting to listen to socketPath: \\?\pipe\D:\XamApp\htdocs\VueJs\vue-shop\functions\30208
[debug] [2020-02-14T20:31:27.406Z] [functions] Runtime ready! Sending request!
[debug] [2020-02-14T20:31:27.408Z] [runtime-status] [30208] Ephemeral server handling POST request
[debug] [2020-02-14T20:31:27.410Z] [runtime-status] [30208] Ephemeral server survived.
[info] i  functions: Finished "CheckoutSession" in ~1s
[debug] [2020-02-14T20:31:27.912Z] [worker-CheckoutSession-920ada64-e872-41cc-a3b6-561e0bb8142a]: IDLE
[debug] [2020-02-14T20:31:27.912Z] [work-queue] {"queueLength":0,"workRunningCount":0}
[debug] [2020-02-14T20:32:02.945Z] [work-queue] {"queueLength":1,"workRunningCount":0}
[debug] [2020-02-14T20:32:02.945Z] [work-queue] {"queueLength":0,"workRunningCount":1}
[debug] [2020-02-14T20:32:02.945Z] Accepted request POST /vue-shop-ebb44/us-central1/CheckoutSession --> CheckoutSession
[debug] [2020-02-14T20:32:02.945Z] [worker-pool] submitWork(triggerId=CheckoutSession)
[debug] [2020-02-14T20:32:02.945Z] [worker-CheckoutSession-920ada64-e872-41cc-a3b6-561e0bb8142a]: Assigning socketPath: \\?\pipe\D:\XamApp\htdocs\VueJs\vue-shop\functions\30208
[debug] [2020-02-14T20:32:02.945Z] [worker-CheckoutSession-920ada64-e872-41cc-a3b6-561e0bb8142a]: BUSY
[debug] [2020-02-14T20:32:02.946Z] [runtime-status] [30208] Trigger "CheckoutSession" has been found, beginning invocation!
[info] i  functions: Beginning execution of "CheckoutSession"
[debug] [2020-02-14T20:32:02.947Z] [runtime-status] [30208] triggerDefinition {"httpsTrigger":{},"name":"CheckoutSession","entryPoint":"CheckoutSession"}
[debug] [2020-02-14T20:32:02.948Z] [runtime-status] [30208] Running CheckoutSession in mode HTTPS
[debug] [2020-02-14T20:32:02.948Z] [runtime-status] [30208] Attempting to listen to socketPath: \\?\pipe\D:\XamApp\htdocs\VueJs\vue-shop\functions\30208
[debug] [2020-02-14T20:32:02.948Z] [functions] Runtime ready! Sending request!
[debug] [2020-02-14T20:32:02.951Z] [runtime-status] [30208] Ephemeral server handling POST request
[debug] [2020-02-14T20:32:02.952Z] [runtime-status] [30208] Ephemeral server survived.
[info] i  functions: Finished "CheckoutSession" in ~1s
[debug] [2020-02-14T20:32:03.427Z] [worker-CheckoutSession-920ada64-e872-41cc-a3b6-561e0bb8142a]: IDLE
[debug] [2020-02-14T20:32:03.427Z] [work-queue] {"queueLength":0,"workRunningCount":0}
[debug] [2020-02-14T20:33:02.964Z] [work-queue] {"queueLength":1,"workRunningCount":0}
[debug] [2020-02-14T20:33:02.964Z] [work-queue] {"queueLength":0,"workRunningCount":1}
[debug] [2020-02-14T20:33:02.965Z] Accepted request POST /vue-shop-ebb44/us-central1/CheckoutSession --> CheckoutSession
[debug] [2020-02-14T20:33:02.965Z] [worker-pool] submitWork(triggerId=CheckoutSession)
[debug] [2020-02-14T20:33:02.965Z] [worker-CheckoutSession-920ada64-e872-41cc-a3b6-561e0bb8142a]: Assigning socketPath: \\?\pipe\D:\XamApp\htdocs\VueJs\vue-shop\functions\30208
[debug] [2020-02-14T20:33:02.965Z] [worker-CheckoutSession-920ada64-e872-41cc-a3b6-561e0bb8142a]: BUSY
[debug] [2020-02-14T20:33:02.965Z] [runtime-status] [30208] Trigger "CheckoutSession" has been found, beginning invocation!
[info] i  functions: Beginning execution of "CheckoutSession"
[debug] [2020-02-14T20:33:02.969Z] [runtime-status] [30208] triggerDefinition {"httpsTrigger":{},"name":"CheckoutSession","entryPoint":"CheckoutSession"}
[debug] [2020-02-14T20:33:02.969Z] [runtime-status] [30208] Running CheckoutSession in mode HTTPS
[debug] [2020-02-14T20:33:02.969Z] [runtime-status] [30208] Attempting to listen to socketPath: \\?\pipe\D:\XamApp\htdocs\VueJs\vue-shop\functions\30208
[debug] [2020-02-14T20:33:02.971Z] [functions] Runtime ready! Sending request!
[debug] [2020-02-14T20:33:02.973Z] [runtime-status] [30208] Ephemeral server handling POST request
[debug] [2020-02-14T20:33:02.973Z] [runtime-status] [30208] Ephemeral server survived.
[info] i  functions: Finished "CheckoutSession" in ~1s
[debug] [2020-02-14T20:33:03.590Z] [worker-CheckoutSession-920ada64-e872-41cc-a3b6-561e0bb8142a]: IDLE
[debug] [2020-02-14T20:33:03.590Z] [work-queue] {"queueLength":0,"workRunningCount":0}
